2025-03-28 16:51:44,611 - httpx - INFO - HTTP Request: POST https://api.telegram.org/bot8095888941:AAFwuAWHlV5IBBKpxiiOfxNxHGtRwtce7cU/getMe "HTTP/1.1 200 OK"
2025-03-28 16:51:44,681 - httpx - INFO - HTTP Request: POST https://api.telegram.org/bot8095888941:AAFwuAWHlV5IBBKpxiiOfxNxHGtRwtce7cU/deleteWebhook "HTTP/1.1 200 OK"
2025-03-28 16:51:44,683 - apscheduler.scheduler - INFO - Scheduler started
2025-03-28 16:51:44,684 - telegram.ext.Application - INFO - Application started
2025-03-28 16:51:50,845 - httpx - INFO - HTTP Request: POST https://api.telegram.org/bot8095888941:AAFwuAWHlV5IBBKpxiiOfxNxHGtRwtce7cU/getUpdates "HTTP/1.1 200 OK"
2025-03-28 16:51:51,100 - httpx - INFO - HTTP Request: POST https://api.telegram.org/bot8095888941:AAFwuAWHlV5IBBKpxiiOfxNxHGtRwtce7cU/sendMessage "HTTP/1.1 200 OK"
2025-03-28 16:51:51,170 - httpx - INFO - HTTP Request: POST https://api.telegram.org/bot8095888941:AAFwuAWHlV5IBBKpxiiOfxNxHGtRwtce7cU/getFile "HTTP/1.1 200 OK"
2025-03-28 16:51:51,242 - httpx - INFO - HTTP Request: GET https://api.telegram.org/file/bot8095888941%3AAAFwuAWHlV5IBBKpxiiOfxNxHGtRwtce7cU/photos/file_11.jpg "HTTP/1.1 200 OK"
2025-03-28 16:52:17,346 - httpx - INFO - HTTP Request: POST https://api.telegram.org/bot8095888941:AAFwuAWHlV5IBBKpxiiOfxNxHGtRwtce7cU/getUpdates "HTTP/1.1 200 OK"
2025-03-28 16:52:17,629 - httpx - INFO - HTTP Request: POST https://api.telegram.org/bot8095888941:AAFwuAWHlV5IBBKpxiiOfxNxHGtRwtce7cU/editMessageText "HTTP/1.1 200 OK"
2025-03-28 16:52:27,420 - httpx - INFO - HTTP Request: POST https://api.telegram.org/bot8095888941:AAFwuAWHlV5IBBKpxiiOfxNxHGtRwtce7cU/getUpdates "HTTP/1.1 200 OK"
2025-03-28 16:52:37,496 - httpx - INFO - HTTP Request: POST https://api.telegram.org/bot8095888941:AAFwuAWHlV5IBBKpxiiOfxNxHGtRwtce7cU/getUpdates "HTTP/1.1 200 OK"
2025-03-28 16:52:47,576 - httpx - INFO - HTTP Request: POST https://api.telegram.org/bot8095888941:AAFwuAWHlV5IBBKpxiiOfxNxHGtRwtce7cU/getUpdates "HTTP/1.1 200 OK"
2025-03-28 16:52:57,649 - httpx - INFO - HTTP Request: POST https://api.telegram.org/bot8095888941:AAFwuAWHlV5IBBKpxiiOfxNxHGtRwtce7cU/getUpdates "HTTP/1.1 200 OK"
2025-03-28 16:53:07,721 - httpx - INFO - HTTP Request: POST https://api.telegram.org/bot8095888941:AAFwuAWHlV5IBBKpxiiOfxNxHGtRwtce7cU/getUpdates "HTTP/1.1 200 OK"
2025-03-28 16:53:17,798 - httpx - INFO - HTTP Request: POST https://api.telegram.org/bot8095888941:AAFwuAWHlV5IBBKpxiiOfxNxHGtRwtce7cU/getUpdates "HTTP/1.1 200 OK"
2025-03-28 16:53:27,878 - httpx - INFO - HTTP Request: POST https://api.telegram.org/bot8095888941:AAFwuAWHlV5IBBKpxiiOfxNxHGtRwtce7cU/getUpdates "HTTP/1.1 200 OK"
2025-03-28 16:53:37,951 - httpx - INFO - HTTP Request: POST https://api.telegram.org/bot8095888941:AAFwuAWHlV5IBBKpxiiOfxNxHGtRwtce7cU/getUpdates "HTTP/1.1 200 OK"
2025-03-28 16:53:48,025 - httpx - INFO - HTTP Request: POST https://api.telegram.org/bot8095888941:AAFwuAWHlV5IBBKpxiiOfxNxHGtRwtce7cU/getUpdates "HTTP/1.1 200 OK"
2025-03-28 16:53:58,101 - httpx - INFO - HTTP Request: POST https://api.telegram.org/bot8095888941:AAFwuAWHlV5IBBKpxiiOfxNxHGtRwtce7cU/getUpdates "HTTP/1.1 200 OK"
2025-03-28 16:54:08,172 - httpx - INFO - HTTP Request: POST https://api.telegram.org/bot8095888941:AAFwuAWHlV5IBBKpxiiOfxNxHGtRwtce7cU/getUpdates "HTTP/1.1 200 OK"
2025-03-28 16:54:18,252 - httpx - INFO - HTTP Request: POST https://api.telegram.org/bot8095888941:AAFwuAWHlV5IBBKpxiiOfxNxHGtRwtce7cU/getUpdates "HTTP/1.1 200 OK"
2025-03-28 16:54:28,337 - httpx - INFO - HTTP Request: POST https://api.telegram.org/bot8095888941:AAFwuAWHlV5IBBKpxiiOfxNxHGtRwtce7cU/getUpdates "HTTP/1.1 200 OK"
2025-03-28 16:54:38,410 - httpx - INFO - HTTP Request: POST https://api.telegram.org/bot8095888941:AAFwuAWHlV5IBBKpxiiOfxNxHGtRwtce7cU/getUpdates "HTTP/1.1 200 OK"
2025-03-28 16:54:48,486 - httpx - INFO - HTTP Request: POST https://api.telegram.org/bot8095888941:AAFwuAWHlV5IBBKpxiiOfxNxHGtRwtce7cU/getUpdates "HTTP/1.1 200 OK"
2025-03-28 16:54:58,562 - httpx - INFO - HTTP Request: POST https://api.telegram.org/bot8095888941:AAFwuAWHlV5IBBKpxiiOfxNxHGtRwtce7cU/getUpdates "HTTP/1.1 200 OK"
